Log file open, 12/30/20 23:38:25
LogInit:Display: Running engine for game: MojiNoKen
LogPlatformFile: Not using cached read wrapper
LogInit:Display: RandInit(1148075406) SRandInit(1148075406).
LogTaskGraph: Started task graph with 5 named threads and 8 total threads with 1 sets of task threads.
LogStats: Stats thread started at 0.099564
LogInit: Using libcurl 7.47.1
LogInit:  - built for x86_64-pc-win32
LogInit:  - supports SSL with OpenSSL/1.0.2g
LogInit:  - supports HTTP deflate (compression) using libz 1.2.8
LogInit:  - other features:
LogInit:      CURL_VERSION_SSL
LogInit:      CURL_VERSION_LIBZ
LogInit:      CURL_VERSION_IPV6
LogInit:      CURL_VERSION_ASYNCHDNS
LogInit:      CURL_VERSION_LARGEFILE
LogInit:      CURL_VERSION_IDN
LogInit:  CurlRequestOptions (configurable via config and command line):
LogInit:  - bVerifyPeer = false  - Libcurl will NOT verify peer certificate
LogInit:  - bUseHttpProxy = false  - Libcurl will NOT use HTTP proxy
LogInit:  - bDontReuseConnections = false  - Libcurl will reuse connections
LogInit:  - CertBundlePath = nullptr  - Libcurl will use whatever was configured at build time.
LogInit: Build: ++UE4+Release-4.16-CL-3561208
LogInit: Engine Version: 4.16.3-3561208+++UE4+Release-4.16
LogInit: Compatible Engine Version: 4.16.0-3452394+++UE4+Release-4.16
LogInit: Net CL: 3452394
LogDevObjectVersion: Number of dev versions registered: 16
LogDevObjectVersion:   Dev-Blueprints (B0D832E4-1F89-4F0D-ACCF-7EB736FD4AA2): 9
LogDevObjectVersion:   Dev-Build (E1C64328-A22C-4D53-A36C-8E866417BD8C): 0
LogDevObjectVersion:   Dev-Core (375EC13C-06E4-48FB-B500-84F0262A717E): 2
LogDevObjectVersion:   Dev-Editor (E4B068ED-F494-42E9-A231-DA0B2E46BB41): 17
LogDevObjectVersion:   Dev-Framework (CFFC743F-43B0-4480-9391-14DF171D2073): 23
LogDevObjectVersion:   Dev-Mobile (B02B49B5-BB20-44E9-A304-32B752E40360): 0
LogDevObjectVersion:   Dev-Networking (A4E4105C-59A1-49B5-A7C5-40C4547EDFEE): 0
LogDevObjectVersion:   Dev-Online (39C831C9-5AE6-47DC-9A44-9C173E1C8E7C): 0
LogDevObjectVersion:   Dev-Physics (78F01B33-EBEA-4F98-B9B4-84EACCB95AA2): 0
LogDevObjectVersion:   Dev-Platform (6631380F-2D4D-43E0-8009-CF276956A95A): 0
LogDevObjectVersion:   Dev-Rendering (12F88B9F-8875-4AFC-A67C-D90C383ABD29): 15
LogDevObjectVersion:   Dev-Sequencer (7B5AE74C-D270-4C10-A958-57980B212A5A): 4
LogDevObjectVersion:   Dev-VR (D7296918-1DD6-4BDD-9DE2-64A83CC13884): 0
LogDevObjectVersion:   Dev-LoadTimes (C2A15278-BFE7-4AFE-6C17-90FF531DF755): 1
LogDevObjectVersion:   Private-Geometry (6EACA3D4-40EC-4CC1-B786-8BED09428FC5): 1
LogDevObjectVersion:   Dev-AnimPhys (29E575DD-E0A3-4627-9D10-D276232CDCEA): 3
LogInit: Compiled (64-bit): Jul 28 2017 11:49:47
LogInit: Compiled with Visual C++: 19.00.24215.01
LogInit: Build Configuration: Development
LogInit: Branch Name: ++UE4+Release-4.16
LogInit: Command line: -EpicPortal  -epicusername="Indiferencial" -epicuserid=b7f40e5350dc4b42944debcff63a9cee -epiclocale=es
LogInit: Base directory: E:/UE_4.16/Engine/Binaries/Win64/
LogInit: Installed Engine Build: 1
LogInit: Presizing for max 8388607 objects, including 0 objects not considered by GC, pre-allocating 0 bytes for permanent pool.
LogInit: Object subsystem initialized
[2020.12.30-22.38.25:557][  0]LogInit: Selected Device Profile: [Windows]
[2020.12.30-22.38.25:557][  0]LogInit: Applying CVar settings loaded from the selected device profile: [Windows]
[2020.12.30-22.38.25:616][  0]LogInit: Computer: E404SYSTEMNOTFO
[2020.12.30-22.38.25:616][  0]LogInit: User: pc
[2020.12.30-22.38.25:616][  0]LogInit: CPU Page size=4096, Cores=4
[2020.12.30-22.38.25:616][  0]LogInit: High frequency timer resolution =10.000000 MHz
[2020.12.30-22.38.25:616][  0]LogMemory: Memory total: Physical=8.0GB (8GB approx)
[2020.12.30-22.38.25:616][  0]LogMemory: Platform Memory Stats for Windows
[2020.12.30-22.38.25:616][  0]LogMemory: Process Physical Memory: 274.24 MB used, 274.25 MB peak
[2020.12.30-22.38.25:616][  0]LogMemory: Process Virtual Memory: 261.08 MB used, 261.08 MB peak
[2020.12.30-22.38.25:616][  0]LogMemory: Physical Memory: 6115.48 MB used,  2040.67 MB free, 8156.15 MB total
[2020.12.30-22.38.25:616][  0]LogMemory: Virtual Memory: 4752.71 MB used,  2040.67 MB free, 134217728.00 MB total
[2020.12.30-22.38.25:750][  0]LogInit: Overriding language with editor language configuration option (en).
[2020.12.30-22.38.25:750][  0]LogInit: Overriding locale with editor locale configuration option (en).
[2020.12.30-22.38.26:697][  0]LogD3D11RHI: D3D11 adapters:
[2020.12.30-22.38.26:769][  0]LogD3D11RHI:    0. 'NVIDIA GeForce GTX 1050' (Feature Level 11_0)
[2020.12.30-22.38.26:769][  0]LogD3D11RHI:       1977/0/4078 MB DedicatedVideo/DedicatedSystem/SharedSystem, Outputs:1, VendorId:0x10de
[2020.12.30-22.38.26:772][  0]LogD3D11RHI:    1. 'Microsoft Basic Render Driver' (Feature Level 11_0)
[2020.12.30-22.38.26:772][  0]LogD3D11RHI:       0/0/4078 MB DedicatedVideo/DedicatedSystem/SharedSystem, Outputs:0, VendorId:0x1414
[2020.12.30-22.38.26:772][  0]LogD3D11RHI: Chosen D3D11 Adapter: 0
[2020.12.30-22.38.26:780][  0]LogD3D11RHI: Creating new Direct3DDevice
[2020.12.30-22.38.26:780][  0]LogD3D11RHI:     GPU DeviceId: 0x1c81 (for the marketing name, search the web for "GPU Device Id")
[2020.12.30-22.38.26:780][  0]LogWindows: EnumDisplayDevices:
[2020.12.30-22.38.26:780][  0]LogWindows:    0. 'NVIDIA GeForce GTX 1050' (P:1 D:1)
[2020.12.30-22.38.26:780][  0]LogWindows:    1. 'NVIDIA GeForce GTX 1050' (P:0 D:0)
[2020.12.30-22.38.26:781][  0]LogWindows:    2. 'NVIDIA GeForce GTX 1050' (P:0 D:0)
[2020.12.30-22.38.26:781][  0]LogWindows:    3. 'NVIDIA GeForce GTX 1050' (P:0 D:0)
[2020.12.30-22.38.26:781][  0]LogWindows: DebugString: GetVideoDriverDetailsInvalid PrimaryIsNotTheChoosenAdapter GetVideoDriverDetailsInvalid PrimaryIsNotTheChoosenAdapter GetVideoDriverDetailsInvalid PrimaryIsNotTheChoosenAdapter GetVideoDriverDetailsInvalid PrimaryIsNotTheChoosenAdapter FoundDriverCount:0 
[2020.12.30-22.38.26:781][  0]LogD3D11RHI:     Adapter Name: NVIDIA GeForce GTX 1050
[2020.12.30-22.38.26:781][  0]LogD3D11RHI:   Driver Version: Unknown (internal:Unknown, unified:Unknown)
[2020.12.30-22.38.26:781][  0]LogD3D11RHI:      Driver Date: Unknown
[2020.12.30-22.38.26:781][  0]LogRHI: Texture pool is 1361 MB (70% of 1945 MB)
[2020.12.30-22.38.26:822][  0]LogD3D11RHI: Async texture creation enabled
[2020.12.30-22.38.26:836][  0]LogD3D11RHI: GPU Timing Frequency: 1000.000000 (Debug: 2 1)
[2020.12.30-22.38.26:886][  0]LogShaderCompilers: Guid format shader working directory is 6 characters bigger than the processId version (../../../../Juego con Pascu/MojiNoKen/Intermediate/Shaders/WorkingDirectory/7972/).
[2020.12.30-22.38.26:886][  0]LogShaderCompilers: Cleaned the shader compiler working directory 'C:/Users/pc/AppData/Local/Temp/UnrealShaderWorkingDir/ACE16AEB446025DE0E97848D20D97C05/'.
[2020.12.30-22.38.26:886][  0]LogShaderCompilers:Display: Using Local Shader Compiler.
[2020.12.30-22.38.27:897][  0]LogTemp:Display: Loaded TP AllDesktopTargetPlatform
[2020.12.30-22.38.27:943][  0]LogTemp:Display: Loaded TP MacClientTargetPlatform
[2020.12.30-22.38.27:988][  0]LogTemp:Display: Loaded TP MacNoEditorTargetPlatform
[2020.12.30-22.38.28:034][  0]LogTemp:Display: Loaded TP MacServerTargetPlatform
[2020.12.30-22.38.28:081][  0]LogTemp:Display: Loaded TP MacTargetPlatform
[2020.12.30-22.38.28:125][  0]LogTemp:Display: Loaded TP WindowsClientTargetPlatform
[2020.12.30-22.38.28:172][  0]LogTemp:Display: Loaded TP WindowsNoEditorTargetPlatform
[2020.12.30-22.38.28:219][  0]LogTemp:Display: Loaded TP WindowsServerTargetPlatform
[2020.12.30-22.38.28:259][  0]LogTemp:Display: Loaded TP WindowsTargetPlatform
[2020.12.30-22.38.28:308][  0]LogTemp:Display: Loaded TP AndroidTargetPlatform
[2020.12.30-22.38.28:360][  0]LogTemp:Display: Loaded TP Android_ASTCTargetPlatform
[2020.12.30-22.38.28:411][  0]LogTemp:Display: Loaded TP Android_ATCTargetPlatform
[2020.12.30-22.38.28:462][  0]LogTemp:Display: Loaded TP Android_DXTTargetPlatform
[2020.12.30-22.38.28:512][  0]LogTemp:Display: Loaded TP Android_ETC1TargetPlatform
[2020.12.30-22.38.28:561][  0]LogTemp:Display: Loaded TP Android_ETC2TargetPlatform
[2020.12.30-22.38.28:658][  0]LogTemp:Display: Loaded TP Android_MultiTargetPlatform
[2020.12.30-22.38.28:658][  0]LogTemp:Display: Loaded TP Android_PVRTCTargetPlatform
[2020.12.30-22.38.28:697][  0]LogTemp:Display: Loaded TP HTML5TargetPlatform
[2020.12.30-22.38.28:791][  0]LogTemp:Display: Loaded TP IOSTargetPlatform
[2020.12.30-22.38.28:821][  0]LogTemp:Display: Loaded TP TVOSTargetPlatform
[2020.12.30-22.38.28:868][  0]LogTemp:Display: Loaded TP LinuxClientTargetPlatform
[2020.12.30-22.38.28:914][  0]LogTemp:Display: Loaded TP LinuxNoEditorTargetPlatform
[2020.12.30-22.38.28:974][  0]LogTemp:Display: Loaded TP LinuxServerTargetPlatform
[2020.12.30-22.38.29:029][  0]LogTemp:Display: Loaded TP LinuxTargetPlatform
[2020.12.30-22.38.29:029][  0]LogTargetPlatformManager:Display: Building Assets For Windows
[2020.12.30-22.38.29:709][  0]LogDerivedDataCache:Display: Max Cache Size: 512 MB
[2020.12.30-22.38.29:849][  0]LogDerivedDataCache: Loaded boot cache 0.14s 90MB C:/Users/pc/AppData/Local/UnrealEngine/4.16/DerivedDataCache/Boot.ddc.
[2020.12.30-22.38.29:849][  0]LogDerivedDataCache:Display: Loaded Boot cache: C:/Users/pc/AppData/Local/UnrealEngine/4.16/DerivedDataCache/Boot.ddc
[2020.12.30-22.38.29:849][  0]LogDerivedDataCache: FDerivedDataBackendGraph:  Pak pak cache file ../../../../Juego con Pascu/MojiNoKen/DerivedDataCache/DDC.ddp not found, will not use a pak cache.
[2020.12.30-22.38.29:849][  0]LogDerivedDataCache: Unable to find inner node Pak for hierarchical cache Hierarchy.
[2020.12.30-22.38.29:849][  0]LogDerivedDataCache: FDerivedDataBackendGraph:  CompressedPak pak cache file ../../../../Juego con Pascu/MojiNoKen/DerivedDataCache/Compressed.ddp not found, will not use a pak cache.
[2020.12.30-22.38.29:849][  0]LogDerivedDataCache: Unable to find inner node CompressedPak for hierarchical cache Hierarchy.
[2020.12.30-22.38.29:866][  0]LogDerivedDataCache:Display: Pak cache opened for reading ../../../Engine/DerivedDataCache/Compressed.ddp.
[2020.12.30-22.38.29:879][  0]LogDerivedDataCache: Using Local data cache path C:/Users/pc/AppData/Local/UnrealEngine/Common/DerivedDataCache: Writable
[2020.12.30-22.38.29:889][  0]LogMaterial: Verifying Global Shaders for PCD3D_SM5
[2020.12.30-22.38.29:890][  0]LogSlate: Using Freetype 2.6.0
[2020.12.30-22.38.29:890][  0]LogSlate: SlateFontCache - WITH_FREETYPE: 1, WITH_HARFBUZZ: 1
[2020.12.30-22.38.29:890][  0]LogSlate: SlateFontCache - WITH_FREETYPE: 1, WITH_HARFBUZZ: 1
[2020.12.30-22.38.30:242][  0]LogInit: Selected Device Profile: [Windows]
[2020.12.30-22.38.30:355][  0]LogContentStreaming: Texture pool size is 0.00 MB
[2020.12.30-22.38.30:515][  0]LogMeshUtilities: Using QuadricMeshReduction for automatic static mesh reduction
[2020.12.30-22.38.30:555][  0]LogSimplygon: Simplygon DLL not present - disabling.
[2020.12.30-22.38.30:612][  0]LogMeshUtilities: Using SimplygonSwarm for distributed automatic mesh merging
[2020.12.30-22.38.30:612][  0]LogMeshUtilities: No automatic skeletal mesh reduction module available
[2020.12.30-22.38.30:612][  0]LogMeshUtilities: No automatic mesh merging module available
[2020.12.30-22.38.31:208][  0]LogNetVersion: MojiNoKen , NetCL: 3452394, EngineNetVer: 2, GameNetVer: 0 (Checksum: 4120279279)
[2020.12.30-22.38.31:266][  0]LogAssetRegistry: FAssetRegistry took 0.0256 seconds to start up
[2020.12.30-22.38.31:450][  0]LogPackageLocalizationCache: Processed 4 localized package path(s) for 1 prioritized culture(s) in 0.166548 seconds
[2020.12.30-22.38.31:457][  0]LogUObjectArray: 34194 objects as part of root set at end of initial load.
[2020.12.30-22.38.31:457][  0]LogUObjectAllocator: 7260416 out of 0 bytes used by permanent object pool.
[2020.12.30-22.38.31:457][  0]LogUObjectArray: CloseDisregardForGC: 0/0 objects in disregard for GC pool
[2020.12.30-22.38.31:511][  0]LogInit: WinSock: version 1.1 (2.2), MaxSocks=32767, MaxUdp=65467
[2020.12.30-22.38.34:349][  0]LogTcpMessaging: Initializing TcpMessaging bridge
[2020.12.30-22.38.34:392][  0]LogUdpMessaging: Initializing bridge on interface 0.0.0.0:0 to multicast group 230.0.0.1:6666.
[2020.12.30-22.38.34:917][  0]LogMaterial: Uniform references updated for custom material expression Custom.
[2020.12.30-22.38.35:307][  0]SourceControl: Info Source control is disabled
[2020.12.30-22.38.35:309][  0]SourceControl: Info Source control is disabled
[2020.12.30-22.38.35:355][  0]SourceControl: Info Source control is disabled
[2020.12.30-22.38.35:401][  0]SourceControl: Info Source control is disabled
[2020.12.30-22.38.36:061][  0]LogAndroidPermission: UAndroidPermissionCallbackProxy::GetInstance
[2020.12.30-22.38.36:632][  0]LogEngine: Initializing Engine...
[2020.12.30-22.38.36:633][  0]LogHMD: Failed to initialize OpenVR with code 110
[2020.12.30-22.38.36:841][  0]LogStats: UGameplayTagsManager::ConstructGameplayTagTree: Construct from data asset -  0.000 s
[2020.12.30-22.38.36:841][  0]LogStats: UGameplayTagsManager::ConstructGameplayTagTree: GameplayTagTreeChangedEvent.Broadcast -  0.000 s
[2020.12.30-22.38.36:971][  0]LogAIModule: Creating AISystem for world Untitled
[2020.12.30-22.38.36:983][  0]LogInit: XAudio2 using 'Altavoces (Realtek High Definition Audio)' : 2 channels at 48 kHz using 32 bits per sample (channel mask 0x3)
[2020.12.30-22.38.37:017][  0]LogInit: FAudioDevice initialized.
[2020.12.30-22.38.37:072][  0]LogDerivedDataCache: Saved boot cache 0.05s 90MB C:/Users/pc/AppData/Local/UnrealEngine/4.16/DerivedDataCache/Boot.ddc.
[2020.12.30-22.38.37:088][  0]LogInit: Texture streaming: Enabled
[2020.12.30-22.38.37:172][  0]LogEngineSessionManager: EngineSessionManager initialized
[2020.12.30-22.38.37:394][  0]LogInit: Transaction tracking system initialized
[2020.12.30-22.38.37:673][  0]BlueprintLog: New page: Editor Load
[2020.12.30-22.38.38:609][  0]LocalizationService: Info Localization service is disabled
[2020.12.30-22.38.39:239][  0]LogConsoleResponse:Display: 
[2020.12.30-22.38.39:424][  0]LogFileCache: Scanning file cache for directory 'E:/Juego con Pascu/MojiNoKen/Content/' took 0.01s
[2020.12.30-22.38.39:424][  0]LogCook:Display: Max memory allowance for cook 16384mb min free memory 0mb
[2020.12.30-22.38.39:424][  0]LogCook:Display: Mobile HDR setting 1
[2020.12.30-22.38.40:365][  0]SourceControl: Info Source control is disabled
[2020.12.30-22.38.40:365][  0]Cmd: MAP LOAD FILE="../../../Engine/Content/Maps/Templates/Template_Default.umap" TEMPLATE=1 SHOWPROGRESS=1 FEATURELEVEL=3
[2020.12.30-22.38.40:367][  0]LightingResults: New page: Lighting Build
[2020.12.30-22.38.40:410][  0]MapCheck: New page: Map Check
[2020.12.30-22.38.40:410][  0]LightingResults: New page: Lighting Build
[2020.12.30-22.38.40:621][  0]LogAIModule: Creating AISystem for world Untitled_1
[2020.12.30-22.38.40:622][  0]LogActorComponent: RegisterComponentWithWorld: (/Temp/Untitled_1.Untitled_1:PersistentLevel.WorldSettings_1.StaticMeshComponent0) Trying to register component with IsPendingKill() == true. Aborting.
[2020.12.30-22.38.40:627][  0]LogEditorServer: Finished looking for orphan Actors (0.000 secs)
[2020.12.30-22.38.40:641][  0]Cmd: MAP CHECKDEP NOCLEARLOG
[2020.12.30-22.38.40:688][  0]MapCheck: Info Map check complete: 0 Error(s), 0 Warning(s), took 47.261ms to complete.
[2020.12.30-22.38.40:688][  0]LogFileHelpers: Loading map 'Template_Default' took 0.323
[2020.12.30-22.38.41:314][  0]LogCollectionManager: Loaded 0 collections in 0.000930 seconds
[2020.12.30-22.38.41:466][  0]LogFileCache: Scanning file cache for directory 'E:/Juego con Pascu/MojiNoKen/Saved/Collections/' took 0.01s
[2020.12.30-22.38.41:466][  0]LogFileCache: Scanning file cache for directory 'E:/Juego con Pascu/MojiNoKen/Content/Developers/pc/Collections/' took 0.01s
[2020.12.30-22.38.41:466][  0]LogFileCache: Scanning file cache for directory 'E:/Juego con Pascu/MojiNoKen/Content/Collections/' took 0.01s
[2020.12.30-22.38.41:466][  0]LogCollectionManager: Rebuilt the GUID cache for 0 collections in 0.000006 seconds
[2020.12.30-22.38.41:481][  0]LogContentBrowser: Native class hierarchy populated in 0.0110 seconds. Added 2329 classes and 491 folders.
[2020.12.30-22.38.41:607][  0]LogContentBrowser: Native class hierarchy updated for 'WidgetCarousel' in 0.0005 seconds. Added 0 classes and 0 folders.
[2020.12.30-22.38.42:250][  0]LogContentBrowser: Native class hierarchy updated for 'AddContentDialog' in 0.0006 seconds. Added 0 classes and 0 folders.
[2020.12.30-22.38.42:340][  0]LogContentBrowser: Native class hierarchy updated for 'SceneOutliner' in 0.0006 seconds. Added 1 classes and 2 folders.
[2020.12.30-22.38.42:683][  0]LogCrashTracker: Crashtracker disabled due to settings.
[2020.12.30-22.38.42:802][  0]LogSlate: Took 0.000257 seconds to synchronously load lazily loaded font '../../../Engine/Content/Slate/Fonts/Roboto-Regular.ttf' (155K)
[2020.12.30-22.38.42:805][  0]LogSlate: Took 0.000253 seconds to synchronously load lazily loaded font '../../../Engine/Content/Slate/Fonts/Roboto-Bold.ttf' (160K)
[2020.12.30-22.38.42:894][  0]LogSlate: Took 0.006997 seconds to synchronously load lazily loaded font '../../../Engine/Content/Editor/Slate/Fonts/FontAwesome.ttf' (139K)
[2020.12.30-22.38.43:245][  0]LogRenderer: Reallocating scene render targets to support 1064x576 NumSamples 1 (Frame:1).
[2020.12.30-22.38.43:836][  0]LogUObjectGlobals:Warning: Failed to find object 'Class None.'
[2020.12.30-22.38.43:909][  0]LogContentBrowser: Native class hierarchy updated for 'HierarchicalLODOutliner' in 0.0006 seconds. Added 1 classes and 2 folders.
[2020.12.30-22.38.43:909][  0]LogLoad: (Engine Initialization) Total time: 19.97 seconds
[2020.12.30-22.38.43:909][  0]LogLoad: (Engine Initialization) Total Blueprint compile time: 0.08 seconds
[2020.12.30-22.38.43:909][  0]LogExternalProfiler: No external profilers were discovered.  External profiling features will not be available.
[2020.12.30-22.38.44:248][  0]LogOcInput: OculusInput pre-init called
[2020.12.30-22.38.44:248][  0]LogHMD: Starting GearVRController plugin
[2020.12.30-22.38.44:311][  0]LogAssetRegistry: Asset discovery search completed in 13.0663 seconds
[2020.12.30-22.38.44:312][  0]LogCollectionManager: Rebuilt the object cache for 0 collections in 0.000000 seconds (found 0 objects)
[2020.12.30-22.38.44:312][  0]LogCollectionManager: Fixed up redirectors for 0 collections in 0.000027 seconds (updated 0 objects)
[2020.12.30-22.38.44:362][  0]LogContentStreaming: Texture pool size now 1000 MB
[2020.12.30-22.39.03:737][945]LogEditorViewport: Clicking on Actor (LMB): StaticMeshActor (Floor)
[2020.12.30-22.39.29:536][912]LogEditorActor: Deleted Actor: PlayerStart
[2020.12.30-22.39.29:608][912]LogEditorActor: Deleted 1 Actors (0.102 secs)
[2020.12.30-22.39.41:746][328]LogEditorActor: Deleted Actor: AtmosphericFog
[2020.12.30-22.39.41:754][328]LogEditorActor: Deleted 1 Actors (0.008 secs)
[2020.12.30-22.39.58:029][ 22]LogEditorActor: Deleted Actor: DirectionalLight
[2020.12.30-22.39.58:042][ 22]LogEditorActor: Deleted 1 Actors (1.849 secs)
[2020.12.30-22.40.25:527][292]LogEditorViewport: Clicking on Actor (LMB): SkyLight (SkyLight)
[2020.12.30-22.40.26:500][398]LogSlate: Took 0.012968 seconds to synchronously load lazily loaded font '../../../Engine/Content/Editor/Slate/Fonts/Roboto-Italic.ttf' (157K)
[2020.12.30-22.41.16:186][328]LogEditorViewport: Clicking on Actor (LMB): BP_Sky_Sphere_C (Sky Sphere)
[2020.12.30-22.41.17:508][476]LogEditorViewport: Clicking on Actor (LMB): BP_Sky_Sphere_C (Sky Sphere)
[2020.12.30-22.41.19:018][655]LogEditorViewport: Clicking on Actor (LMB): BP_Sky_Sphere_C (Sky Sphere)
[2020.12.30-22.41.37:933][893]LogSlate: Took 0.000266 seconds to synchronously load lazily loaded font '../../../Engine/Content/Slate/Fonts/Roboto-Light.ttf' (159K)
[2020.12.30-22.41.46:684][893]LogSlate: Took 0.000208 seconds to synchronously load lazily loaded font '../../../Engine/Content/Slate/Fonts/Roboto-Light.ttf' (159K)
[2020.12.30-22.42.16:743][391]LogContentBrowser: Native class hierarchy updated for 'BlueprintGraph' in 0.0009 seconds. Added 112 classes and 0 folders.
[2020.12.30-22.42.17:638][391]LogSlate: Took 0.000175 seconds to synchronously load lazily loaded font '../../../Engine/Content/Slate/Fonts/Roboto-Regular.ttf' (155K)
[2020.12.30-22.42.42:942][838]BlueprintLog: New page: Compile Personaje
[2020.12.30-22.42.43:657][864]Cmd: OBJ SAVEPACKAGE PACKAGE="/Game/Personaje" FILE="../../../../Juego con Pascu/MojiNoKen/Content/Personaje.uasset" SILENT=true
[2020.12.30-22.42.43:763][864]LogSavePackage: Save=87.73ms
[2020.12.30-22.42.43:763][864]LogSavePackage: Moving '../../../../Juego con Pascu/MojiNoKen/Saved/PersonajeF93F6A4C4290BF3632F2B0A054987A78.tmp' to '../../../../Juego con Pascu/MojiNoKen/Content/Personaje.uasset'
[2020.12.30-22.42.43:782][864]LogSavePackage:Display: Finished SavePackage ../../../../Juego con Pascu/MojiNoKen/Content/Personaje.uasset
[2020.12.30-22.43.16:546][715]LogEditorViewport: Clicking on Actor (LMB): Personaje_C (Personaje)
[2020.12.30-22.43.24:299][638]LogEditorViewport: Clicking on Actor (LMB): BP_Sky_Sphere_C (Sky Sphere)
[2020.12.30-22.43.44:894][103]LogEditorViewport: Clicking on Actor (LMB): Personaje_C (Personaje)
[2020.12.30-22.43.47:372][395]LogEditorViewport: Clicking on Actor (LMB): Personaje_C (Personaje2)
[2020.12.30-22.44.07:757][830]LogEditorViewport: Clicking on Actor (LMB): StaticMeshActor (Floor)
[2020.12.30-22.45.02:551][324]LogActorFactory: Actor Factory created Cube
[2020.12.30-22.45.04:063][498]LogActorFactory: Actor Factory created Cube
[2020.12.30-22.45.29:552][517]LogEditorViewport: Clicking on Actor (LMB): BP_Sky_Sphere_C (Sky Sphere)
[2020.12.30-22.45.40:138][780]LogEditorViewport: Clicking on Actor (LMB): StaticMeshActor (Cube)
[2020.12.30-22.45.41:216][904]Cmd: DELETE
[2020.12.30-22.45.41:216][904]Cmd: ACTOR DELETE
[2020.12.30-22.45.41:328][904]LogEditorActor: Deleted Actor: StaticMeshActor
[2020.12.30-22.45.41:346][904]LogEditorActor: Deleted 1 Actors (0.018 secs)
[2020.12.30-22.54.11:530][696]BlueprintLog: New page: Compile Jugador
[2020.12.30-22.54.12:316][739]Cmd: OBJ SAVEPACKAGE PACKAGE="/Game/Jugador" FILE="../../../../Juego con Pascu/MojiNoKen/Content/Jugador.uasset" SILENT=true
[2020.12.30-22.54.12:338][739]LogSavePackage: Save=20.32ms
[2020.12.30-22.54.12:338][739]LogSavePackage: Moving '../../../../Juego con Pascu/MojiNoKen/Saved/JugadorE7A6AB844AE749314A862EA7FD402A69.tmp' to '../../../../Juego con Pascu/MojiNoKen/Content/Jugador.uasset'
[2020.12.30-22.54.12:340][739]LogSavePackage:Display: Finished SavePackage ../../../../Juego con Pascu/MojiNoKen/Content/Jugador.uasset
[2020.12.30-22.54.56:746][  6]Cmd: OBJ SAVEPACKAGE PACKAGE="/Game/Prueba" FILE="../../../../Juego con Pascu/MojiNoKen/Content/Prueba.umap" SILENT=true AUTOSAVING=false KEEPDIRTY=false
[2020.12.30-22.54.56:826][  6]LogSavePackage: Save=62.40ms
[2020.12.30-22.54.56:827][  6]LogSavePackage: Moving '../../../../Juego con Pascu/MojiNoKen/Saved/Prueba57CDA91640D98E7F6B8E919A390E74A6.tmp' to '../../../../Juego con Pascu/MojiNoKen/Content/Prueba.umap'
[2020.12.30-22.54.56:829][  6]LogSavePackage:Display: Finished SavePackage ../../../../Juego con Pascu/MojiNoKen/Content/Prueba.umap
[2020.12.30-22.54.56:899][  6]LogFileHelpers: Saving map 'Prueba' took 0.904
[2020.12.30-22.54.58:837][203]LogTemp: Repeting last play command: Selected Viewport
[2020.12.30-22.54.58:903][203]LogPlayLevel: PlayLevel: No blueprints needed recompiling
[2020.12.30-22.54.58:955][203]PIE: New page: PIE session: Prueba (Dec 31, 2020, 12:54:58 AM)
[2020.12.30-22.54.58:955][203]LogPlayLevel: Creating play world package: /Game/UEDPIE_0_Prueba
[2020.12.30-22.54.59:009][203]LogPlayLevel: PIE: StaticDuplicateObject took: (0.053968s)
[2020.12.30-22.54.59:009][203]LogAIModule: Creating AISystem for world Prueba
[2020.12.30-22.54.59:009][203]LogPlayLevel: PIE: World Init took: (0.000714s)
[2020.12.30-22.54.59:010][203]LogPlayLevel: PIE: Created PIE world by copying editor world from /Game/Prueba.Prueba to /Game/UEDPIE_0_Prueba.Prueba (0.055277s)
[2020.12.30-22.54.59:122][203]LogInit: XAudio2 using 'Altavoces (Realtek High Definition Audio)' : 2 channels at 48 kHz using 32 bits per sample (channel mask 0x3)
[2020.12.30-22.54.59:144][203]LogInit: FAudioDevice initialized.
[2020.12.30-22.54.59:188][203]LogLoad: Game class is 'GameModeBase'
[2020.12.30-22.54.59:291][203]LogWorld: Bringing World /Game/UEDPIE_0_Prueba.Prueba up for play (max tick rate 0) at 2020.12.30-23.54.59
[2020.12.30-22.54.59:338][203]LogWorld: Bringing up level for play took: 0.037064
[2020.12.30-22.54.59:455][203]LogContentBrowser: Native class hierarchy updated for 'MovieSceneCapture' in 0.0008 seconds. Added 11 classes and 0 folders.
[2020.12.30-22.54.59:489][203]PIE: Info Play in editor start time for /Game/UEDPIE_0_Prueba -0.168
[2020.12.30-22.55.14:756][963]LogSlate: Took 0.009790 seconds to synchronously load lazily loaded font '../../../Engine/Content/Editor/Slate/Fonts/Roboto-BoldCondensed.ttf' (158K)
[2020.12.30-22.55.25:130][833]BlueprintLog: New page: Compile Jugador
[2020.12.30-22.55.25:741][867]Cmd: OBJ SAVEPACKAGE PACKAGE="/Game/Jugador" FILE="../../../../Juego con Pascu/MojiNoKen/Content/Jugador.uasset" SILENT=true
[2020.12.30-22.55.25:774][867]LogSavePackage: Save=18.69ms
[2020.12.30-22.55.25:774][867]LogSavePackage: Moving '../../../../Juego con Pascu/MojiNoKen/Saved/JugadorAC6782B043F7452CF46FA2BC1C7C4CCA.tmp' to '../../../../Juego con Pascu/MojiNoKen/Content/Jugador.uasset'
[2020.12.30-22.55.25:776][867]LogSavePackage:Display: Finished SavePackage ../../../../Juego con Pascu/MojiNoKen/Content/Jugador.uasset
[2020.12.30-22.55.40:788][312]BlueprintLog: New page: Compile Jugador
[2020.12.30-22.55.41:317][340]Cmd: OBJ SAVEPACKAGE PACKAGE="/Game/Jugador" FILE="../../../../Juego con Pascu/MojiNoKen/Content/Jugador.uasset" SILENT=true
[2020.12.30-22.55.41:338][340]LogSavePackage: Save=19.24ms
[2020.12.30-22.55.41:338][340]LogSavePackage: Moving '../../../../Juego con Pascu/MojiNoKen/Saved/Jugador57617A064942AB7406A619AAEB852B2F.tmp' to '../../../../Juego con Pascu/MojiNoKen/Content/Jugador.uasset'
[2020.12.30-22.55.41:341][340]LogSavePackage:Display: Finished SavePackage ../../../../Juego con Pascu/MojiNoKen/Content/Jugador.uasset
[2020.12.30-22.55.54:864][917]Cmd: OBJ SAVEPACKAGE PACKAGE="/Game/Prueba" FILE="../../../../Juego con Pascu/MojiNoKen/Content/Prueba.umap" SILENT=true AUTOSAVING=false KEEPDIRTY=false
[2020.12.30-22.55.54:926][917]LogSavePackage: Save=29.91ms
[2020.12.30-22.55.54:926][917]LogSavePackage: Moving '../../../../Juego con Pascu/MojiNoKen/Saved/Prueba1AEBE497470F2AF292C31F8B7E28BF9B.tmp' to '../../../../Juego con Pascu/MojiNoKen/Content/Prueba.umap'
[2020.12.30-22.55.54:929][917]LogSavePackage:Display: Finished SavePackage ../../../../Juego con Pascu/MojiNoKen/Content/Prueba.umap
[2020.12.30-23.12.39:940][921]LogTemp: Repeting last play command: Selected Viewport
[2020.12.30-23.12.39:950][921]LogPlayLevel: PlayLevel: No blueprints needed recompiling
[2020.12.30-23.12.39:950][921]PIE: New page: PIE session: Prueba (Dec 31, 2020, 1:12:39 AM)
[2020.12.30-23.12.39:950][921]LogPlayLevel: Creating play world package: /Game/UEDPIE_0_Prueba
[2020.12.30-23.12.39:952][921]LogPlayLevel: PIE: StaticDuplicateObject took: (0.001535s)
[2020.12.30-23.12.39:952][921]LogAIModule: Creating AISystem for world Prueba
[2020.12.30-23.12.39:952][921]LogPlayLevel: PIE: World Init took: (0.000790s)
[2020.12.30-23.12.39:953][921]LogPlayLevel: PIE: Created PIE world by copying editor world from /Game/Prueba.Prueba to /Game/UEDPIE_0_Prueba.Prueba (0.002612s)
[2020.12.30-23.12.40:008][921]LogInit: XAudio2 using 'Altavoces (Realtek High Definition Audio)' : 2 channels at 48 kHz using 32 bits per sample (channel mask 0x3)
[2020.12.30-23.12.40:030][921]LogInit: FAudioDevice initialized.
[2020.12.30-23.12.40:095][921]LogLoad: Game class is 'GameModeBase'
[2020.12.30-23.12.40:098][921]LogWorld: Bringing World /Game/UEDPIE_0_Prueba.Prueba up for play (max tick rate 0) at 2020.12.31-00.12.40
[2020.12.30-23.12.40:098][921]LogWorld: Bringing up level for play took: 0.001731
[2020.12.30-23.12.40:099][921]PIE: Info Play in editor start time for /Game/UEDPIE_0_Prueba 0.45
[2020.12.30-23.13.07:459][102]LogWindowsTextInputMethodSystem:Display: IME system now deactivated.
[2020.12.30-23.13.07:737][103]Cmd: QUIT_EDITOR
[2020.12.30-23.13.08:486][103]LogExit: Preparing to exit.
[2020.12.30-23.13.09:596][103]LogDirectoryWatcher: A directory notification for 'E:/Juego con Pascu/MojiNoKen/Content/' was aborted.
[2020.12.30-23.13.09:640][103]LogExit: Editor shut down
[2020.12.30-23.13.09:646][103]LogExit: Transaction tracking system shut down
[2020.12.30-23.13.09:766][103]LogObj: Freed 0b from 0 cluster array pools.
[2020.12.30-23.13.09:766][103]LogExit: Object subsystem successfully closed.
[2020.12.30-23.13.09:803][103]LogD3D11RHI: Shutdown
[2020.12.30-23.13.09:803][103]LogD3D11RHI: CleanupD3DDevice
[2020.12.30-23.13.09:918][103]LogD3D11RHI: ~FD3D11DynamicRHI
[2020.12.30-23.13.09:936][103]LogModuleManager: Shutting down and abandoning module MovieSceneCapture (530)
[2020.12.30-23.13.09:936][103]LogModuleManager: Shutting down and abandoning module BlueprintGraph (528)
[2020.12.30-23.13.09:936][103]LogModuleManager: Shutting down and abandoning module BlueprintProfiler (526)
[2020.12.30-23.13.09:944][103]LogModuleManager: Shutting down and abandoning module HierarchicalLODOutliner (524)
[2020.12.30-23.13.09:944][103]LogModuleManager: Shutting down and abandoning module CrashTracker (522)
[2020.12.30-23.13.09:944][103]LogModuleManager: Shutting down and abandoning module SceneOutliner (520)
[2020.12.30-23.13.09:944][103]LogModuleManager: Shutting down and abandoning module AddContentDialog (518)
[2020.12.30-23.13.09:954][103]LogDirectoryWatcher: A directory notification for 'E:/UE_4.16/FeaturePacks/' was aborted.
[2020.12.30-23.13.09:957][103]LogModuleManager: Shutting down and abandoning module WidgetCarousel (517)
[2020.12.30-23.13.09:957][103]LogModuleManager: Shutting down and abandoning module EditorWidgets (514)
[2020.12.30-23.13.09:957][103]LogModuleManager: Shutting down and abandoning module CollectionManager (512)
[2020.12.30-23.13.09:958][103]LogDirectoryWatcher: A directory notification for 'E:/Juego con Pascu/MojiNoKen/Content/Collections/' was aborted.
[2020.12.30-23.13.09:958][103]LogDirectoryWatcher: A directory notification for 'E:/Juego con Pascu/MojiNoKen/Content/Developers/pc/Collections/' was aborted.
[2020.12.30-23.13.09:958][103]LogDirectoryWatcher: A directory notification for 'E:/Juego con Pascu/MojiNoKen/Saved/Collections/' was aborted.
[2020.12.30-23.13.09:958][103]LogModuleManager: Shutting down and abandoning module StatsViewer (510)
[2020.12.30-23.13.09:958][103]LogModuleManager: Shutting down and abandoning module FoliageEdit (508)
[2020.12.30-23.13.09:958][103]LogModuleManager: Shutting down and abandoning module LandscapeEditor (506)
[2020.12.30-23.13.09:958][103]LogModuleManager: Shutting down and abandoning module MeshPaintMode (504)
[2020.12.30-23.13.09:958][103]LogModuleManager: Shutting down and abandoning module SceneDepthPickerMode (502)
[2020.12.30-23.13.09:958][103]LogModuleManager: Shutting down and abandoning module ActorPickerMode (500)
[2020.12.30-23.13.09:958][103]LogModuleManager: Shutting down and abandoning module GeometryMode (498)
[2020.12.30-23.13.09:958][103]LogModuleManager: Shutting down and abandoning module TextureAlignMode (496)
[2020.12.30-23.13.09:958][103]LogModuleManager: Shutting down and abandoning module BspMode (494)
[2020.12.30-23.13.09:958][103]LogModuleManager: Shutting down and abandoning module HardwareSurvey (492)
[2020.12.30-23.13.09:958][103]LogModuleManager: Shutting down and abandoning module SequenceRecorderSections (490)
[2020.12.30-23.13.09:958][103]LogModuleManager: Shutting down and abandoning module AutomationWorker (488)
[2020.12.30-23.13.09:958][103]LogModuleManager: Shutting down and abandoning module MatineeToLevelSequence (486)
[2020.12.30-23.13.09:958][103]LogModuleManager: Shutting down and abandoning module LevelSequenceEditor (484)
[2020.12.30-23.13.09:958][103]LogModuleManager: Shutting down and abandoning module PlacementMode (483)
[2020.12.30-23.13.09:958][103]LogModuleManager: Shutting down and abandoning module WmfMediaFactory (480)
[2020.12.30-23.13.09:958][103]LogModuleManager: Shutting down and abandoning module WmfMediaEditor (478)
[2020.12.30-23.13.09:958][103]LogModuleManager: Shutting down and abandoning module AvfMediaFactory (476)
[2020.12.30-23.13.09:958][103]LogModuleManager: Shutting down and abandoning module AvfMediaEditor (474)
[2020.12.30-23.13.09:958][103]LogModuleManager: Shutting down and abandoning module AndroidMediaFactory (472)
[2020.12.30-23.13.09:958][103]LogModuleManager: Shutting down and abandoning module Media (471)
[2020.12.30-23.13.09:958][103]LogModuleManager: Shutting down and abandoning module AndroidMediaEditor (468)
[2020.12.30-23.13.09:958][103]LogModuleManager: Shutting down and abandoning module CharacterAI (466)
[2020.12.30-23.13.09:958][103]LogModuleManager: Shutting down and abandoning module AudioCapture (464)
[2020.12.30-23.13.09:958][103]LogModuleManager: Shutting down and abandoning module SequenceRecorder (463)
[2020.12.30-23.13.09:958][103]LogModuleManager: Shutting down and abandoning module SmartSnapping (460)
[2020.12.30-23.13.09:958][103]LogModuleManager: Shutting down and abandoning module SessionServices (458)
[2020.12.30-23.13.09:958][103]LogModuleManager: Shutting down and abandoning module ViewportSnapping (456)
[2020.12.30-23.13.09:958][103]LogModuleManager: Shutting down and abandoning module ViewportInteraction (454)
[2020.12.30-23.13.09:958][103]LogModuleManager: Shutting down and abandoning module ClothPainter (452)
[2020.12.30-23.13.09:958][103]LogModuleManager: Shutting down and abandoning module LogVisualizer (450)
[2020.12.30-23.13.09:958][103]LogModuleManager: Shutting down and abandoning module IntroTutorials (448)
[2020.12.30-23.13.09:963][103]LogModuleManager: Shutting down and abandoning module GameProjectGeneration (447)
[2020.12.30-23.13.09:963][103]LogModuleManager: Shutting down and abandoning module EditorLiveStreaming (444)
[2020.12.30-23.13.09:963][103]LogModuleManager: Shutting down and abandoning module IOSPlatformEditor (442)
[2020.12.30-23.13.09:963][103]LogModuleManager: Shutting down and abandoning module HTML5PlatformEditor (440)
[2020.12.30-23.13.09:963][103]LogModuleManager: Shutting down and abandoning module AndroidPlatformEditor (438)
[2020.12.30-23.13.09:963][103]LogModuleManager: Shutting down and abandoning module AndroidDeviceDetection (437)
[2020.12.30-23.13.10:062][103]LogModuleManager: Shutting down and abandoning module IOSRuntimeSettings (434)
[2020.12.30-23.13.10:062][103]LogModuleManager: Shutting down and abandoning module AndroidRuntimeSettings (432)
[2020.12.30-23.13.10:062][103]LogModuleManager: Shutting down and abandoning module InputBindingEditor (430)
[2020.12.30-23.13.10:062][103]LogModuleManager: Shutting down and abandoning module MergeActors (428)
[2020.12.30-23.13.10:062][103]LogModuleManager: Shutting down and abandoning module SizeMap (426)
[2020.12.30-23.13.10:062][103]LogModuleManager: Shutting down and abandoning module TreeMap (424)
[2020.12.30-23.13.10:062][103]LogModuleManager: Shutting down and abandoning module ReferenceViewer (422)
[2020.12.30-23.13.10:062][103]LogModuleManager: Shutting down and abandoning module LocalizationDashboard (420)
[2020.12.30-23.13.10:062][103]LogModuleManager: Shutting down and abandoning module LocalizationService (419)
[2020.12.30-23.13.10:062][103]LogModuleManager: Shutting down and abandoning module HardwareTargeting (416)
[2020.12.30-23.13.10:062][103]LogModuleManager: Shutting down and abandoning module DeviceProfileEditor (414)
[2020.12.30-23.13.10:062][103]LogModuleManager: Shutting down and abandoning module UndoHistory (412)
[2020.12.30-23.13.10:062][103]LogModuleManager: Shutting down and abandoning module UserFeedback (410)
[2020.12.30-23.13.10:062][103]LogModuleManager: Shutting down and abandoning module XmlParser (408)
[2020.12.30-23.13.10:062][103]LogModuleManager: Shutting down and abandoning module Blutility (406)
[2020.12.30-23.13.10:062][103]LogModuleManager: Shutting down and abandoning module ProjectSettingsViewer (404)
[2020.12.30-23.13.10:062][103]LogModuleManager: Shutting down and abandoning module ProjectTargetPlatformEditor (403)
[2020.12.30-23.13.10:063][103]LogModuleManager: Shutting down and abandoning module EditorSettingsViewer (400)
[2020.12.30-23.13.10:063][103]LogModuleManager: Shutting down and abandoning module SettingsEditor (398)
[2020.12.30-23.13.10:063][103]LogModuleManager: Shutting down and abandoning module ProjectLauncher (396)
[2020.12.30-23.13.10:063][103]LogModuleManager: Shutting down and abandoning module SessionFrontend (394)
[2020.12.30-23.13.10:063][103]LogModuleManager: Shutting down and abandoning module ProfilerClient (392)
[2020.12.30-23.13.10:063][103]LogModuleManager: Shutting down and abandoning module DeviceManager (390)
[2020.12.30-23.13.10:063][103]LogModuleManager: Shutting down and abandoning module TargetDeviceServices (389)
[2020.12.30-23.13.10:128][103]LogModuleManager: Shutting down and abandoning module AutomationController (386)
[2020.12.30-23.13.10:128][103]LogModuleManager: Shutting down and abandoning module AutomationWindow (384)
[2020.12.30-23.13.10:128][103]LogModuleManager: Shutting down and abandoning module Layers (382)
[2020.12.30-23.13.10:128][103]LogModuleManager: Shutting down and abandoning module ComponentVisualizers (380)
[2020.12.30-23.13.10:128][103]LogModuleManager: Shutting down and abandoning module DetailCustomizations (378)
[2020.12.30-23.13.10:128][103]LogModuleManager: Shutting down and abandoning module PackagesDialog (376)
[2020.12.30-23.13.10:128][103]LogModuleManager: Shutting down and abandoning module Persona (374)
[2020.12.30-23.13.10:128][103]LogModuleManager: Shutting down and abandoning module AdvancedPreviewScene (373)
[2020.12.30-23.13.10:128][103]LogModuleManager: Shutting down and abandoning module AnimGraph (371)
[2020.12.30-23.13.10:128][103]LogModuleManager: Shutting down and abandoning module Kismet (368)
[2020.12.30-23.13.10:133][103]LogModuleManager: Shutting down and abandoning module ClassViewer (366)
[2020.12.30-23.13.10:134][103]LogModuleManager: Shutting down and abandoning module Toolbox (364)
[2020.12.30-23.13.10:134][103]LogModuleManager: Shutting down and abandoning module ModuleUI (362)
[2020.12.30-23.13.10:134][103]LogModuleManager: Shutting down and abandoning module MovieSceneTools (360)
[2020.12.30-23.13.10:134][103]LogModuleManager: Shutting down and abandoning module OutputLog (358)
[2020.12.30-23.13.10:135][103]LogModuleManager: Shutting down and abandoning module GammaUI (356)
[2020.12.30-23.13.10:135][103]LogModuleManager: Shutting down and abandoning module Documentation (354)
[2020.12.30-23.13.10:135][103]LogModuleManager: Shutting down and abandoning module MovieSceneTracks (352)
[2020.12.30-23.13.10:135][103]LogModuleManager: Shutting down and abandoning module MovieScene (350)
[2020.12.30-23.13.10:135][103]LogModuleManager: Shutting down and abandoning module Niagara (348)
[2020.12.30-23.13.10:135][103]LogModuleManager: Shutting down and abandoning module NiagaraEditor (347)
[2020.12.30-23.13.10:135][103]LogModuleManager: Shutting down and abandoning module StreamingPauseRendering (344)
[2020.12.30-23.13.10:135][103]LogModuleManager: Shutting down and abandoning module AnalyticsET (342)
[2020.12.30-23.13.10:135][103]LogModuleManager: Shutting down and abandoning module PortalServices (340)
[2020.12.30-23.13.10:135][103]LogModuleManager: Shutting down and abandoning module PortalRpc (338)
[2020.12.30-23.13.10:135][103]LogModuleManager: Shutting down and abandoning module MessagingRpc (336)
[2020.12.30-23.13.10:135][103]LogModuleManager: Shutting down and abandoning module AIModule (334)
[2020.12.30-23.13.10:135][103]LogModuleManager: Shutting down and abandoning module GameplayDebugger (333)
[2020.12.30-23.13.10:135][103]LogModuleManager: Shutting down and abandoning module AITestSuite (331)
[2020.12.30-23.13.10:135][103]LogModuleManager: Shutting down and abandoning module ProfilerService (328)
[2020.12.30-23.13.10:328][103]LogModuleManager: Shutting down and abandoning module TaskGraph (326)
[2020.12.30-23.13.10:328][103]LogModuleManager: Shutting down and abandoning module SteamVRController (324)
[2020.12.30-23.13.10:328][103]LogModuleManager: Shutting down and abandoning module SteamVR (322)
[2020.12.30-23.13.10:328][103]LogModuleManager: Shutting down and abandoning module ProceduralMeshComponentEditor (320)
[2020.12.30-23.13.10:328][103]LogModuleManager: Shutting down and abandoning module ProceduralMeshComponent (318)
[2020.12.30-23.13.10:328][103]LogModuleManager: Shutting down and abandoning module OculusLibrary (316)
[2020.12.30-23.13.10:328][103]LogModuleManager: Shutting down and abandoning module OculusInput (314)
[2020.12.30-23.13.10:328][103]LogModuleManager: Shutting down and abandoning module MobilePatchingUtils (312)
[2020.12.30-23.13.10:328][103]LogModuleManager: Shutting down and abandoning module CustomMeshComponent (310)
[2020.12.30-23.13.10:328][103]LogModuleManager: Shutting down and abandoning module CableComponent (308)
[2020.12.30-23.13.10:328][103]LogModuleManager: Shutting down and abandoning module ArchVisCharacter (306)
[2020.12.30-23.13.10:328][103]LogModuleManager: Shutting down and abandoning module AndroidPermission (304)
[2020.12.30-23.13.10:328][103]LogModuleManager: Shutting down and abandoning module MediaPlayerEditor (300)
[2020.12.30-23.13.10:328][103]LogModuleManager: Shutting down and abandoning module HTML5Networking (298)
[2020.12.30-23.13.10:328][103]LogModuleManager: Shutting down and abandoning module AlembicImporter (296)
[2020.12.30-23.13.10:328][103]LogModuleManager: Shutting down and abandoning module AlembicLibrary (295)
[2020.12.30-23.13.10:328][103]LogModuleManager: Shutting down and abandoning module GeometryCache (294)
[2020.12.30-23.13.10:328][103]LogModuleManager: Shutting down and abandoning module GeometryCacheEd (293)
[2020.12.30-23.13.10:328][103]LogModuleManager: Shutting down and abandoning module SuperSearchEditor (288)
[2020.12.30-23.13.10:328][103]LogModuleManager: Shutting down and abandoning module SuperSearch (287)
[2020.12.30-23.13.10:328][103]LogModuleManager: Shutting down and abandoning module SpeedTreeImporter (284)
[2020.12.30-23.13.10:328][103]LogModuleManager: Shutting down and abandoning module PluginBrowser (282)
[2020.12.30-23.13.10:329][103]LogModuleManager: Shutting down and abandoning module MobileLauncherProfileWizard (280)
[2020.12.30-23.13.10:329][103]LogModuleManager: Shutting down and abandoning module VisualStudioSourceCodeAccess (278)
[2020.12.30-23.13.10:329][103]LogModuleManager: Shutting down and abandoning module DesktopPlatform (277)
[2020.12.30-23.13.10:329][103]LogModuleManager: Shutting down and abandoning module UObjectPlugin (274)
[2020.12.30-23.13.10:329][103]LogModuleManager: Shutting down and abandoning module SubversionSourceControl (272)
[2020.12.30-23.13.10:329][103]LogModuleManager: Shutting down and abandoning module PerforceSourceControl (270)
[2020.12.30-23.13.10:329][103]LogModuleManager: Shutting down and abandoning module GitSourceControl (268)
[2020.12.30-23.13.10:329][103]LogModuleManager: Shutting down and abandoning module SourceControl (267)
[2020.12.30-23.13.10:329][103]LogModuleManager: Shutting down and abandoning module LightPropagationVolumeEditor (264)
[2020.12.30-23.13.10:329][103]LogModuleManager: Shutting down and abandoning module PaperTiledImporter (262)
[2020.12.30-23.13.10:329][103]LogModuleManager: Shutting down and abandoning module PaperSpriteSheetImporter (260)
[2020.12.30-23.13.10:329][103]LogModuleManager: Shutting down and abandoning module Paper2DEditor (258)
[2020.12.30-23.13.10:329][103]LogModuleManager: Shutting down and abandoning module MeshPaint (257)
[2020.12.30-23.13.10:329][103]LogModuleManager: Shutting down and abandoning module LevelEditor (255)
[2020.12.30-23.13.10:330][103]LogModuleManager: Shutting down and abandoning module PixelInspectorModule (254)
[2020.12.30-23.13.10:330][103]LogModuleManager: Shutting down and abandoning module MainFrame (252)
[2020.12.30-23.13.10:330][103]LogModuleManager: Shutting down and abandoning module HotReload (251)
[2020.12.30-23.13.10:330][103]LogModuleManager: Shutting down and abandoning module PhysXVehiclesEditor (246)
[2020.12.30-23.13.10:330][103]LogModuleManager: Shutting down and abandoning module PhysXVehicles (244)
[2020.12.30-23.13.10:330][103]LogModuleManager: Shutting down and abandoning module LocationServicesBPLibrary (242)
[2020.12.30-23.13.10:330][103]LogModuleManager: Shutting down and abandoning module ImmediatePhysicsEditor (240)
[2020.12.30-23.13.10:330][103]LogModuleManager: Shutting down and abandoning module ImmediatePhysics (238)
[2020.12.30-23.13.10:330][103]LogModuleManager: Shutting down and abandoning module UdpMessaging (236)
[2020.12.30-23.13.10:431][103]LogModuleManager: Shutting down and abandoning module TcpMessaging (234)
[2020.12.30-23.13.10:532][103]LogModuleManager: Shutting down and abandoning module GameplayTagsEditor (232)
[2020.12.30-23.13.10:532][103]LogModuleManager: Shutting down and abandoning module FacialAnimationEditor (230)
[2020.12.30-23.13.10:532][103]LogModuleManager: Shutting down and abandoning module FacialAnimation (228)
[2020.12.30-23.13.10:532][103]LogModuleManager: Shutting down and abandoning module AssetManagerEditor (226)
[2020.12.30-23.13.10:532][103]LogModuleManager: Shutting down and abandoning module GraphEditor (225)
[2020.12.30-23.13.10:532][103]LogModuleManager: Shutting down and abandoning module ContentBrowser (223)
[2020.12.30-23.13.10:533][103]LogModuleManager: Shutting down and abandoning module LightPropagationVolumeRuntime (220)
[2020.12.30-23.13.10:533][103]LogModuleManager: Shutting down and abandoning module Paper2D (218)
[2020.12.30-23.13.10:533][103]LogModuleManager: Shutting down and abandoning module WindowsMoviePlayer (216)
[2020.12.30-23.13.10:533][103]LogModuleManager: Shutting down and abandoning module WmfMedia (214)
[2020.12.30-23.13.10:536][103]LogModuleManager: Shutting down and abandoning module ClothingSystemEditor (212)
[2020.12.30-23.13.10:536][103]LogModuleManager: Shutting down and abandoning module ClothingSystemRuntime (210)
[2020.12.30-23.13.10:536][103]LogModuleManager: Shutting down and abandoning module MediaAssets (208)
[2020.12.30-23.13.10:536][103]LogModuleManager: Shutting down and abandoning module GameLiveStreaming (206)
[2020.12.30-23.13.10:536][103]LogModuleManager: Shutting down and abandoning module VREditor (204)
[2020.12.30-23.13.10:536][103]LogModuleManager: Shutting down and abandoning module StringTableEditor (202)
[2020.12.30-23.13.10:536][103]LogModuleManager: Shutting down and abandoning module GameplayTasksEditor (200)
[2020.12.30-23.13.10:536][103]LogModuleManager: Shutting down and abandoning module BehaviorTreeEditor (198)
[2020.12.30-23.13.10:536][103]LogModuleManager: Shutting down and abandoning module FunctionalTesting (196)
[2020.12.30-23.13.10:536][103]LogModuleManager: Shutting down and abandoning module CollisionAnalyzer (194)
[2020.12.30-23.13.10:536][103]LogModuleManager: Shutting down and abandoning module UMG (192)
[2020.12.30-23.13.10:536][103]LogModuleManager: Shutting down and abandoning module UMGEditor (191)
[2020.12.30-23.13.10:536][103]LogModuleManager: Shutting down and abandoning module Sequencer (190)
[2020.12.30-23.13.10:536][103]LogModuleManager: Shutting down and abandoning module AssetTools (188)
[2020.12.30-23.13.10:536][103]LogModuleManager: Shutting down and abandoning module MessageLog (187)
[2020.12.30-23.13.10:536][103]LogModuleManager: Shutting down and abandoning module WorkspaceMenuStructure (186)
[2020.12.30-23.13.10:536][103]LogModuleManager: Shutting down and abandoning module SlateReflector (180)
[2020.12.30-23.13.10:536][103]LogModuleManager: Shutting down and abandoning module Slate (178)
[2020.12.30-23.13.10:536][103]LogModuleManager: Shutting down and abandoning module EditorStyle (176)
[2020.12.30-23.13.10:539][103]LogModuleManager: Shutting down and abandoning module SourceCodeAccess (174)
[2020.12.30-23.13.10:539][103]LogModuleManager: Shutting down and abandoning module HeadMountedDisplay (172)
[2020.12.30-23.13.10:539][103]LogModuleManager: Shutting down and abandoning module XAudio2 (170)
[2020.12.30-23.13.10:539][103]LogModuleManager: Shutting down and abandoning module Networking (168)
[2020.12.30-23.13.10:539][103]LogModuleManager: Shutting down and abandoning module Core (164)
[2020.12.30-23.13.10:539][103]LogModuleManager: Shutting down and abandoning module AssetRegistry (162)
[2020.12.30-23.13.10:678][103]LogDirectoryWatcher: A directory notification for '../../../Engine/Content/' was aborted.
[2020.12.30-23.13.10:679][103]LogDirectoryWatcher: A directory notification for '../../../../Juego con Pascu/MojiNoKen/Content/' was aborted.
[2020.12.30-23.13.10:679][103]LogDirectoryWatcher: A directory notification for '../../../Engine/Plugins/2D/Paper2D/Content/' was aborted.
[2020.12.30-23.13.10:679][103]LogDirectoryWatcher: A directory notification for '../../../Engine/Plugins/Runtime/GearVR/Content/' was aborted.
[2020.12.30-23.13.10:683][103]LogModuleManager: Shutting down and abandoning module DirectoryWatcher (161)
[2020.12.30-23.13.10:685][103]LogModuleManager: Shutting down and abandoning module KismetCompiler (158)
[2020.12.30-23.13.10:685][103]LogModuleManager: Shutting down and abandoning module LevelSequence (156)
[2020.12.30-23.13.10:685][103]LogModuleManager: Shutting down and abandoning module PhysXFormats (154)
[2020.12.30-23.13.10:685][103]LogModuleManager: Shutting down and abandoning module MeshUtilities (152)
[2020.12.30-23.13.10:685][103]LogModuleManager: Shutting down and abandoning module SimplygonSwarm (151)
[2020.12.30-23.13.10:685][103]LogModuleManager: Shutting down and abandoning module SimplygonMeshReduction (149)
[2020.12.30-23.13.10:685][103]LogModuleManager: Shutting down and abandoning module QuadricMeshReduction (147)
[2020.12.30-23.13.10:685][103]LogModuleManager: Shutting down and abandoning module DerivedDataCache (144)
[2020.12.30-23.13.10:776][103]LogDerivedDataCache: Shutdown
[2020.12.30-23.13.10:776][103]LogModuleManager: Shutting down and abandoning module TargetPlatform (142)
[2020.12.30-23.13.10:776][103]LogModuleManager: Shutting down and abandoning module VulkanShaderFormat (141)
[2020.12.30-23.13.10:776][103]LogModuleManager: Shutting down and abandoning module ShaderFormatVectorVM (139)
[2020.12.30-23.13.10:776][103]LogModuleManager: Shutting down and abandoning module ShaderFormatOpenGL (137)
[2020.12.30-23.13.10:776][103]LogModuleManager: Shutting down and abandoning module ShaderFormatD3D (135)
[2020.12.30-23.13.10:777][103]LogModuleManager: Shutting down and abandoning module MetalShaderFormat (133)
[2020.12.30-23.13.10:777][103]LogModuleManager: Shutting down and abandoning module TextureFormatUncompressed (131)
[2020.12.30-23.13.10:777][103]LogModuleManager: Shutting down and abandoning module TextureFormatPVR (129)
[2020.12.30-23.13.10:777][103]LogModuleManager: Shutting down and abandoning module TextureFormatDXT (127)
[2020.12.30-23.13.10:777][103]LogModuleManager: Shutting down and abandoning module TextureFormatIntelISPCTexComp (125)
[2020.12.30-23.13.10:777][103]LogModuleManager: Shutting down and abandoning module TextureFormatASTC (123)
[2020.12.30-23.13.10:777][103]LogModuleManager: Shutting down and abandoning module ImageWrapper (122)
[2020.12.30-23.13.10:777][103]LogModuleManager: Shutting down and abandoning module TextureFormatAndroid (119)
[2020.12.30-23.13.10:777][103]LogModuleManager: Shutting down and abandoning module AudioFormatOpus (117)
[2020.12.30-23.13.10:777][103]LogModuleManager: Shutting down and abandoning module AudioFormatOgg (115)
[2020.12.30-23.13.10:777][103]LogModuleManager: Shutting down and abandoning module AudioFormatADPCM (113)
[2020.12.30-23.13.10:777][103]LogModuleManager: Shutting down and abandoning module LinuxTargetPlatform (111)
[2020.12.30-23.13.10:777][103]LogModuleManager: Shutting down and abandoning module LinuxServerTargetPlatform (109)
[2020.12.30-23.13.10:777][103]LogModuleManager: Shutting down and abandoning module LinuxNoEditorTargetPlatform (107)
[2020.12.30-23.13.10:777][103]LogModuleManager: Shutting down and abandoning module LinuxClientTargetPlatform (105)
[2020.12.30-23.13.10:777][103]LogModuleManager: Shutting down and abandoning module TVOSTargetPlatform (103)
[2020.12.30-23.13.10:777][103]LogModuleManager: Shutting down and abandoning module Messaging (101)
[2020.12.30-23.13.10:777][103]LogModuleManager: Shutting down and abandoning module IOSTargetPlatform (99)
[2020.12.30-23.13.10:777][103]LogModuleManager: Shutting down and abandoning module HTML5TargetPlatform (97)
[2020.12.30-23.13.10:777][103]LogModuleManager: Shutting down and abandoning module Android_PVRTCTargetPlatform (95)
[2020.12.30-23.13.10:777][103]LogModuleManager: Shutting down and abandoning module Android_MultiTargetPlatform (93)
[2020.12.30-23.13.10:777][103]LogModuleManager: Shutting down and abandoning module Android_ETC2TargetPlatform (91)
[2020.12.30-23.13.10:777][103]LogModuleManager: Shutting down and abandoning module Android_ETC1TargetPlatform (89)
[2020.12.30-23.13.10:777][103]LogModuleManager: Shutting down and abandoning module Android_DXTTargetPlatform (87)
[2020.12.30-23.13.10:777][103]LogModuleManager: Shutting down and abandoning module Android_ATCTargetPlatform (85)
[2020.12.30-23.13.10:777][103]LogModuleManager: Shutting down and abandoning module Android_ASTCTargetPlatform (83)
[2020.12.30-23.13.10:777][103]LogModuleManager: Shutting down and abandoning module AndroidTargetPlatform (81)
[2020.12.30-23.13.10:777][103]LogModuleManager: Shutting down and abandoning module WindowsTargetPlatform (79)
[2020.12.30-23.13.10:777][103]LogModuleManager: Shutting down and abandoning module WindowsServerTargetPlatform (77)
[2020.12.30-23.13.10:777][103]LogModuleManager: Shutting down and abandoning module WindowsNoEditorTargetPlatform (75)
[2020.12.30-23.13.10:777][103]LogModuleManager: Shutting down and abandoning module WindowsClientTargetPlatform (73)
[2020.12.30-23.13.10:777][103]LogModuleManager: Shutting down and abandoning module MacTargetPlatform (71)
[2020.12.30-23.13.10:777][103]LogModuleManager: Shutting down and abandoning module MacServerTargetPlatform (69)
[2020.12.30-23.13.10:777][103]LogModuleManager: Shutting down and abandoning module MacNoEditorTargetPlatform (67)
[2020.12.30-23.13.10:777][103]LogModuleManager: Shutting down and abandoning module MacClientTargetPlatform (65)
[2020.12.30-23.13.10:777][103]LogModuleManager: Shutting down and abandoning module AllDesktopTargetPlatform (63)
[2020.12.30-23.13.10:777][103]LogModuleManager: Shutting down and abandoning module InputCore (60)
[2020.12.30-23.13.10:777][103]LogModuleManager: Shutting down and abandoning module Settings (58)
[2020.12.30-23.13.10:777][103]LogModuleManager: Shutting down and abandoning module OculusRift (56)
[2020.12.30-23.13.10:777][103]LogModuleManager: Shutting down and abandoning module GearVRController (54)
[2020.12.30-23.13.10:777][103]LogModuleManager: Shutting down and abandoning module GearVR (52)
[2020.12.30-23.13.10:777][103]LogModuleManager: Shutting down and abandoning module ExampleDeviceProfileSelector (50)
[2020.12.30-23.13.10:777][103]LogModuleManager: Shutting down and abandoning module OnlineBlueprintSupport (48)
[2020.12.30-23.13.10:777][103]LogModuleManager: Shutting down and abandoning module OnlineSubsystem (44)
[2020.12.30-23.13.10:777][103]LogOnline:Display: Unloading online subsystem: NULL
[2020.12.30-23.13.10:777][103]LogModuleManager: Shutting down and abandoning module XMPP (43)
[2020.12.30-23.13.10:777][103]LogModuleManager: Shutting down and abandoning module HTTP (41)
[2020.12.30-23.13.10:777][103]LogHttp:Display: Http module shutting down, but needs to wait on 1 outstanding Http requests:
[2020.12.30-23.13.10:777][103]LogHttp:Display: 	verb=[POST] url=[https://datarouter.ol.epicgames.com/datarouter/api/v1/public/data?SessionID=%7B35983DFA-41B6-7886-5E16-98B5B288AC5B%7D&AppID=UEEditor.Rocket.Release&AppVersion=4.16.3-3561208%2B%2B%2BUE4%2BRelease-4.16&UserID=621e67784a0a97bd92ae75a50117838e%7Cb7f40e5350dc4b42944debcff63a9cee%7C57e3f64a-6ce4-47da-a9f1-979f3c3e89e5&AppEnvironment=datacollector-binary&UploadType=eteventstream] status=Processing
[2020.12.30-23.13.10:803][103]LogModuleManager: Shutting down and abandoning module SSL (40)
[2020.12.30-23.13.10:805][103]LogModuleManager: Shutting down and abandoning module HTTPChunkInstaller (36)
[2020.12.30-23.13.10:805][103]LogModuleManager: Shutting down and abandoning module AnimationModifiers (34)
[2020.12.30-23.13.10:805][103]LogModuleManager: Shutting down and abandoning module PropertyEditor (33)
[2020.12.30-23.13.10:805][103]LogModuleManager: Shutting down and abandoning module AudioEditor (30)
[2020.12.30-23.13.10:805][103]LogModuleManager: Shutting down and abandoning module TextureCompressor (28)
[2020.12.30-23.13.10:805][103]LogModuleManager: Shutting down and abandoning module ShaderCore (26)
[2020.12.30-23.13.10:805][103]LogModuleManager: Shutting down and abandoning module Landscape (24)
[2020.12.30-23.13.10:805][103]LogModuleManager: Shutting down and abandoning module SlateRHIRenderer (22)
[2020.12.30-23.13.10:807][103]LogModuleManager: Shutting down and abandoning module OpenGLDrv (20)
[2020.12.30-23.13.10:807][103]LogModuleManager: Shutting down and abandoning module D3D11RHI (18)
[2020.12.30-23.13.10:807][103]LogModuleManager: Shutting down and abandoning module AnimGraphRuntime (16)
[2020.12.30-23.13.10:807][103]LogModuleManager: Shutting down and abandoning module Renderer (14)
[2020.12.30-23.13.10:807][103]LogModuleManager: Shutting down and abandoning module Engine (12)
[2020.12.30-23.13.10:807][103]LogModuleManager: Shutting down and abandoning module CoreUObject (10)
[2020.12.30-23.13.10:807][103]LogModuleManager: Shutting down and abandoning module NetworkFile (8)
[2020.12.30-23.13.10:807][103]LogModuleManager: Shutting down and abandoning module StreamingFile (6)
[2020.12.30-23.13.10:807][103]LogModuleManager: Shutting down and abandoning module SandboxFile (4)
[2020.12.30-23.13.10:807][103]LogModuleManager: Shutting down and abandoning module PakFile (2)
[2020.12.30-23.13.10:809][103]LogExit: Exiting.
[2020.12.30-23.13.10:822][103]Log file closed, 12/31/20 00:13:10
